<?xml version="1.0" encoding="UTF-8"?>
<!-- Generated by org.testng.reporters.JUnitXMLReporter -->
<testsuite ignored="0" hostname="DESKTOP-Q7FV8SQ" failures="0" tests="4" name="Default test" time="39.053" errors="0" timestamp="2024-04-09T19:21:03 IST">
  <testcase classname="WesternUnionAssignment.Assignment.FlipkartLinks" name="getLinks_usingForEachLoop" time="8.568"/>
  <testcase classname="WesternUnionAssignment.Assignment.FlipkartLinks" name="getLinks_usingLambda" time="7.478"/>
  <testcase classname="WesternUnionAssignment.Assignment.FlipkartLinks" name="getLinks_usingParallelStream" time="7.971"/>
  <testcase classname="WesternUnionAssignment.Assignment.FlipkartLinks" name="getLinks_usingStream" time="7.066"/>
</testsuite> <!-- Default test -->
