<?xml version="1.0" encoding="UTF-8"?>
<testng-results ignored="0" total="4" passed="4" failed="0" skipped="0">
  <reporter-output>
  </reporter-output>
  <suite started-at="2024-04-09T19:20:23 IST" name="Default suite" finished-at="2024-04-09T19:21:02 IST" duration-ms="39053">
    <groups>
    </groups>
    <test started-at="2024-04-09T19:20:23 IST" name="Default test" finished-at="2024-04-09T19:21:02 IST" duration-ms="39053">
      <class name="WesternUnionAssignment.Assignment.FlipkartLinks">
        <test-method is-config="true" signature="driverSetUp()[pri:0, instance:WesternUnionAssignment.Assignment.FlipkartLinks@6b58b9e9]" started-at="2024-04-09T19:20:23 IST" name="driverSetUp" finished-at="2024-04-09T19:20:31 IST" duration-ms="7506" status="PASS">
          <reporter-output>
          </reporter-output>
        </test-method> <!-- driverSetUp -->
        <test-method signature="getLinks_usingForEachLoop()[pri:0, instance:WesternUnionAssignment.Assignment.FlipkartLinks@6b58b9e9]" started-at="2024-04-09T19:20:31 IST" name="getLinks_usingForEachLoop" finished-at="2024-04-09T19:20:40 IST" duration-ms="8568" status="PASS">
          <reporter-output>
          </reporter-output>
        </test-method> <!-- getLinks_usingForEachLoop -->
        <test-method signature="getLinks_usingLambda()[pri:0, instance:WesternUnionAssignment.Assignment.FlipkartLinks@6b58b9e9]" started-at="2024-04-09T19:20:40 IST" name="getLinks_usingLambda" finished-at="2024-04-09T19:20:47 IST" duration-ms="7478" status="PASS">
          <reporter-output>
          </reporter-output>
        </test-method> <!-- getLinks_usingLambda -->
        <test-method signature="getLinks_usingParallelStream()[pri:0, instance:WesternUnionAssignment.Assignment.FlipkartLinks@6b58b9e9]" started-at="2024-04-09T19:20:47 IST" name="getLinks_usingParallelStream" finished-at="2024-04-09T19:20:55 IST" duration-ms="7971" status="PASS">
          <reporter-output>
          </reporter-output>
        </test-method> <!-- getLinks_usingParallelStream -->
        <test-method signature="getLinks_usingStream()[pri:0, instance:WesternUnionAssignment.Assignment.FlipkartLinks@6b58b9e9]" started-at="2024-04-09T19:20:55 IST" name="getLinks_usingStream" finished-at="2024-04-09T19:21:02 IST" duration-ms="7066" status="PASS">
          <reporter-output>
          </reporter-output>
        </test-method> <!-- getLinks_usingStream -->
        <test-method is-config="true" signature="teardown()[pri:0, instance:WesternUnionAssignment.Assignment.FlipkartLinks@6b58b9e9]" started-at="2024-04-09T19:21:02 IST" name="teardown" finished-at="2024-04-09T19:21:02 IST" duration-ms="303" status="PASS">
          <reporter-output>
          </reporter-output>
        </test-method> <!-- teardown -->
      </class> <!-- WesternUnionAssignment.Assignment.FlipkartLinks -->
    </test> <!-- Default test -->
  </suite> <!-- Default suite -->
</testng-results>
